# JRE version: OpenJDK Runtime Environment (8.0_152-b01) (build 1.8.0_152-release-1343-b01)
# Java VM: OpenJDK 64-Bit Server VM (25.152-b01 mixed mode windows-amd64 compressed oops)
Heap:
 PSYoungGen      total 469504K, used 346491K [0x00000000e0000000, 0x0000000100000000, 0x0000000100000000)
  eden space 450048K, 75% used [0x00000000e0000000,0x00000000f4b17d38,0x00000000fb780000)
  from space 19456K, 38% used [0x00000000fb780000,0x00000000fbec7130,0x00000000fca80000)
  to   space 18432K, 0% used [0x00000000fee00000,0x00000000fee00000,0x0000000100000000)
 ParOldGen       total 105472K, used 86456K [0x00000000a0000000, 0x00000000a6700000, 0x00000000e0000000)
  object space 105472K, 81% used [0x00000000a0000000,0x00000000a546e160,0x00000000a6700000)
 Metaspace       used 98376K, capacity 102053K, committed 102272K, reserved 1138688K
  class space    used 12136K, capacity 12811K, committed 12928K, reserved 1048576K
GC Heap History (10 events):
Event: 1907.584 GC heap before
{Heap before GC invocations=41 (full 4):
 PSYoungGen      total 340480K, used 328336K [0x00000000e0000000, 0x00000000f6600000, 0x0000000100000000)
  eden space 323584K, 100% used [0x00000000e0000000,0x00000000f3c00000,0x00000000f3c00000)
  from space 16896K, 28% used [0x00000000f5580000,0x00000000f5a24338,0x00000000f6600000)
  to   space 21504K, 0% used [0x00000000f3c00000,0x00000000f3c00000,0x00000000f5100000)
 ParOldGen       total 105472K, used 58601K [0x00000000a0000000, 0x00000000a6700000, 0x00000000e0000000)
  object space 105472K, 55% used [0x00000000a0000000,0x00000000a393a708,0x00000000a6700000)
 Metaspace       used 97889K, capacity 101615K, committed 102016K, reserved 1138688K
  class space    used 12083K, capacity 12760K, committed 12928K, reserved 1048576K
Event: 1907.622 GC heap after
Heap after GC invocations=41 (full 4):
 PSYoungGen      total 345088K, used 9399K [0x00000000e0000000, 0x00000000f9180000, 0x0000000100000000)
  eden space 323584K, 0% used [0x00000000e0000000,0x00000000e0000000,0x00000000f3c00000)
  from space 21504K, 43% used [0x00000000f3c00000,0x00000000f452df80,0x00000000f5100000)
  to   space 20480K, 0% used [0x00000000f7d80000,0x00000000f7d80000,0x00000000f9180000)
 ParOldGen       total 105472K, used 60796K [0x00000000a0000000, 0x00000000a6700000, 0x00000000e0000000)
  object space 105472K, 57% used [0x00000000a0000000,0x00000000a3b5f160,0x00000000a6700000)
 Metaspace       used 97889K, capacity 101615K, committed 102016K, reserved 1138688K
  class space    used 12083K, capacity 12760K, committed 12928K, reserved 1048576K
}
Event: 1909.521 GC heap before
{Heap before GC invocations=42 (full 4):
 PSYoungGen      total 345088K, used 332983K [0x00000000e0000000, 0x00000000f9180000, 0x0000000100000000)
  eden space 323584K, 100% used [0x00000000e0000000,0x00000000f3c00000,0x00000000f3c00000)
  from space 21504K, 43% used [0x00000000f3c00000,0x00000000f452df80,0x00000000f5100000)
  to   space 20480K, 0% used [0x00000000f7d80000,0x00000000f7d80000,0x00000000f9180000)
 ParOldGen       total 105472K, used 60796K [0x00000000a0000000, 0x00000000a6700000, 0x00000000e0000000)
  object space 105472K, 57% used [0x00000000a0000000,0x00000000a3b5f160,0x00000000a6700000)
 Metaspace       used 97925K, capacity 101615K, committed 102016K, reserved 1138688K
  class space    used 12083K, capacity 12760K, committed 12928K, reserved 1048576K
Event: 1910.828 GC heap after
Heap after GC invocations=42 (full 4):
 PSYoungGen      total 391168K, used 4919K [0x00000000e0000000, 0x00000000fa980000, 0x0000000100000000)
  eden space 370688K, 0% used [0x00000000e0000000,0x00000000e0000000,0x00000000f6a00000)
  from space 20480K, 24% used [0x00000000f7d80000,0x00000000f824dee8,0x00000000f9180000)
  to   space 19968K, 0% used [0x00000000f6a00000,0x00000000f6a00000,0x00000000f7d80000)
 ParOldGen       total 105472K, used 67658K [0x00000000a0000000, 0x00000000a6700000, 0x00000000e0000000)
  object space 105472K, 64% used [0x00000000a0000000,0x00000000a4212b40,0x00000000a6700000)
 Metaspace       used 97925K, capacity 101615K, committed 102016K, reserved 1138688K
  class space    used 12083K, capacity 12760K, committed 12928K, reserved 1048576K
}
Event: 1912.276 GC heap before
{Heap before GC invocations=43 (full 4):
 PSYoungGen      total 391168K, used 375607K [0x00000000e0000000, 0x00000000fa980000, 0x0000000100000000)
  eden space 370688K, 100% used [0x00000000e0000000,0x00000000f6a00000,0x00000000f6a00000)
  from space 20480K, 24% used [0x00000000f7d80000,0x00000000f824dee8,0x00000000f9180000)
  to   space 19968K, 0% used [0x00000000f6a00000,0x00000000f6a00000,0x00000000f7d80000)
 ParOldGen       total 105472K, used 67658K [0x00000000a0000000, 0x00000000a6700000, 0x00000000e0000000)
  object space 105472K, 64% used [0x00000000a0000000,0x00000000a4212b40,0x00000000a6700000)
 Metaspace       used 97940K, capacity 101683K, committed 102016K, reserved 1138688K
  class space    used 12083K, capacity 12760K, committed 12928K, reserved 1048576K
Event: 1912.380 GC heap after
Heap after GC invocations=43 (full 4):
 PSYoungGen      total 390656K, used 12154K [0x00000000e0000000, 0x00000000fe080000, 0x0000000100000000)
  eden space 370688K, 0% used [0x00000000e0000000,0x00000000e0000000,0x00000000f6a00000)
  from space 19968K, 60% used [0x00000000f6a00000,0x00000000f75de8c8,0x00000000f7d80000)
  to   space 19968K, 0% used [0x00000000fcd00000,0x00000000fcd00000,0x00000000fe080000)
 ParOldGen       total 105472K, used 70098K [0x00000000a0000000, 0x00000000a6700000, 0x00000000e0000000)
  object space 105472K, 66% used [0x00000000a0000000,0x00000000a4474b70,0x00000000a6700000)
 Metaspace       used 97940K, capacity 101683K, committed 102016K, reserved 1138688K
  class space    used 12083K, capacity 12760K, committed 12928K, reserved 1048576K
}
Event: 1916.881 GC heap before
{Heap before GC invocations=44 (full 4):
 PSYoungGen      total 390656K, used 382842K [0x00000000e0000000, 0x00000000fe080000, 0x0000000100000000)
  eden space 370688K, 100% used [0x00000000e0000000,0x00000000f6a00000,0x00000000f6a00000)
  from space 19968K, 60% used [0x00000000f6a00000,0x00000000f75de8c8,0x00000000f7d80000)
  to   space 19968K, 0% used [0x00000000fcd00000,0x00000000fcd00000,0x00000000fe080000)
 ParOldGen       total 105472K, used 70098K [0x00000000a0000000, 0x00000000a6700000, 0x00000000e0000000)
  object space 105472K, 66% used [0x00000000a0000000,0x00000000a4474b70,0x00000000a6700000)
 Metaspace       used 97977K, capacity 101683K, committed 102016K, reserved 1138688K
  class space    used 12086K, capacity 12760K, committed 12928K, reserved 1048576K
Event: 1916.980 GC heap after
Heap after GC invocations=44 (full 4):
 PSYoungGen      total 466944K, used 9746K [0x00000000e0000000, 0x00000000fdd80000, 0x0000000100000000)
  eden space 450048K, 0% used [0x00000000e0000000,0x00000000e0000000,0x00000000fb780000)
  from space 16896K, 57% used [0x00000000fcd00000,0x00000000fd684a50,0x00000000fdd80000)
  to   space 19456K, 0% used [0x00000000fb780000,0x00000000fb780000,0x00000000fca80000)
 ParOldGen       total 105472K, used 78862K [0x00000000a0000000, 0x00000000a6700000, 0x00000000e0000000)
  object space 105472K, 74% used [0x00000000a0000000,0x00000000a4d03b88,0x00000000a6700000)
 Metaspace       used 97977K, capacity 101683K, committed 102016K, reserved 1138688K
  class space    used 12086K, capacity 12760K, committed 12928K, reserved 1048576K
}
Event: 1922.415 GC heap before
{Heap before GC invocations=45 (full 4):
 PSYoungGen      total 466944K, used 459794K [0x00000000e0000000, 0x00000000fdd80000, 0x0000000100000000)
  eden space 450048K, 100% used [0x00000000e0000000,0x00000000fb780000,0x00000000fb780000)
  from space 16896K, 57% used [0x00000000fcd00000,0x00000000fd684a50,0x00000000fdd80000)
  to   space 19456K, 0% used [0x00000000fb780000,0x00000000fb780000,0x00000000fca80000)
 ParOldGen       total 105472K, used 78862K [0x00000000a0000000, 0x00000000a6700000, 0x00000000e0000000)
  object space 105472K, 74% used [0x00000000a0000000,0x00000000a4d03b88,0x00000000a6700000)
 Metaspace       used 98287K, capacity 101989K, committed 102272K, reserved 1138688K
  class space    used 12133K, capacity 12811K, committed 12928K, reserved 1048576K
Event: 1922.601 GC heap after
Heap after GC invocations=45 (full 4):
 PSYoungGen      total 469504K, used 7452K [0x00000000e0000000, 0x0000000100000000, 0x0000000100000000)
  eden space 450048K, 0% used [0x00000000e0000000,0x00000000e0000000,0x00000000fb780000)
  from space 19456K, 38% used [0x00000000fb780000,0x00000000fbec7130,0x00000000fca80000)
  to   space 18432K, 0% used [0x00000000fee00000,0x00000000fee00000,0x0000000100000000)
 ParOldGen       total 105472K, used 86456K [0x00000000a0000000, 0x00000000a6700000, 0x00000000e0000000)
  object space 105472K, 81% used [0x00000000a0000000,0x00000000a546e160,0x00000000a6700000)
 Metaspace       used 98287K, capacity 101989K, committed 102272K, reserved 1138688K
  class space    used 12133K, capacity 12811K, committed 12928K, reserved 1048576K
}

