# JRE version: OpenJDK Runtime Environment (8.0_152-b01) (build 1.8.0_152-release-1343-b01)
# Java VM: OpenJDK 64-Bit Server VM (25.152-b01 mixed mode windows-amd64 compressed oops)
Heap:
 PSYoungGen      total 431104K, used 97634K [0x00000000e0000000, 0x0000000100000000, 0x0000000100000000)
  eden space 391168K, 24% used [0x00000000e0000000,0x00000000e5f58a90,0x00000000f7e00000)
  from space 39936K, 0% used [0x00000000fd900000,0x00000000fd900000,0x0000000100000000)
  to   space 66560K, 0% used [0x00000000f7e00000,0x00000000f7e00000,0x00000000fbf00000)
 ParOldGen       total 155136K, used 59160K [0x00000000a0000000, 0x00000000a9780000, 0x00000000e0000000)
  object space 155136K, 38% used [0x00000000a0000000,0x00000000a39c61a0,0x00000000a9780000)
 Metaspace       used 101972K, capacity 105806K, committed 105856K, reserved 1142784K
  class space    used 12710K, capacity 13417K, committed 13440K, reserved 1048576K
GC Heap History (10 events):
Event: 5943.519 GC heap before
{Heap before GC invocations=26 (full 4):
 PSYoungGen      total 420352K, used 402999K [0x00000000e0000000, 0x0000000100000000, 0x0000000100000000)
  eden space 381952K, 100% used [0x00000000e0000000,0x00000000f7500000,0x00000000f7500000)
  from space 38400K, 54% used [0x00000000f7500000,0x00000000f898dd40,0x00000000f9a80000)
  to   space 38912K, 0% used [0x00000000fda00000,0x00000000fda00000,0x0000000100000000)
 ParOldGen       total 146432K, used 86585K [0x00000000a0000000, 0x00000000a8f00000, 0x00000000e0000000)
  object space 146432K, 59% used [0x00000000a0000000,0x00000000a548e5f8,0x00000000a8f00000)
 Metaspace       used 101066K, capacity 104814K, committed 105088K, reserved 1140736K
  class space    used 12686K, capacity 13373K, committed 13440K, reserved 1048576K
Event: 5943.552 GC heap after
Heap after GC invocations=26 (full 4):
 PSYoungGen      total 483328K, used 16800K [0x00000000e0000000, 0x00000000ffd80000, 0x0000000100000000)
  eden space 446976K, 0% used [0x00000000e0000000,0x00000000e0000000,0x00000000fb480000)
  from space 36352K, 46% used [0x00000000fda00000,0x00000000fea680a8,0x00000000ffd80000)
  to   space 37376K, 0% used [0x00000000fb480000,0x00000000fb480000,0x00000000fd900000)
 ParOldGen       total 146432K, used 100672K [0x00000000a0000000, 0x00000000a8f00000, 0x00000000e0000000)
  object space 146432K, 68% used [0x00000000a0000000,0x00000000a6250358,0x00000000a8f00000)
 Metaspace       used 101066K, capacity 104814K, committed 105088K, reserved 1140736K
  class space    used 12686K, capacity 13373K, committed 13440K, reserved 1048576K
}
Event: 6580.750 GC heap before
{Heap before GC invocations=27 (full 4):
 PSYoungGen      total 483328K, used 462639K [0x00000000e0000000, 0x00000000ffd80000, 0x0000000100000000)
  eden space 446976K, 99% used [0x00000000e0000000,0x00000000fb363d68,0x00000000fb480000)
  from space 36352K, 46% used [0x00000000fda00000,0x00000000fea680a8,0x00000000ffd80000)
  to   space 37376K, 0% used [0x00000000fb480000,0x00000000fb480000,0x00000000fd900000)
 ParOldGen       total 146432K, used 100672K [0x00000000a0000000, 0x00000000a8f00000, 0x00000000e0000000)
  object space 146432K, 68% used [0x00000000a0000000,0x00000000a6250358,0x00000000a8f00000)
 Metaspace       used 101590K, capacity 105398K, committed 105600K, reserved 1140736K
  class space    used 12716K, capacity 13425K, committed 13440K, reserved 1048576K
Event: 6581.077 GC heap after
Heap after GC invocations=27 (full 4):
 PSYoungGen      total 484352K, used 26772K [0x00000000e0000000, 0x0000000100000000, 0x0000000100000000)
  eden space 446976K, 0% used [0x00000000e0000000,0x00000000e0000000,0x00000000fb480000)
  from space 37376K, 71% used [0x00000000fb480000,0x00000000fcea51a8,0x00000000fd900000)
  to   space 39936K, 0% used [0x00000000fd900000,0x00000000fd900000,0x0000000100000000)
 ParOldGen       total 146432K, used 100680K [0x00000000a0000000, 0x00000000a8f00000, 0x00000000e0000000)
  object space 146432K, 68% used [0x00000000a0000000,0x00000000a6252358,0x00000000a8f00000)
 Metaspace       used 101590K, capacity 105398K, committed 105600K, reserved 1140736K
  class space    used 12716K, capacity 13425K, committed 13440K, reserved 1048576K
}
Event: 6667.586 GC heap before
{Heap before GC invocations=28 (full 4):
 PSYoungGen      total 484352K, used 473748K [0x00000000e0000000, 0x0000000100000000, 0x0000000100000000)
  eden space 446976K, 100% used [0x00000000e0000000,0x00000000fb480000,0x00000000fb480000)
  from space 37376K, 71% used [0x00000000fb480000,0x00000000fcea51a8,0x00000000fd900000)
  to   space 39936K, 0% used [0x00000000fd900000,0x00000000fd900000,0x0000000100000000)
 ParOldGen       total 146432K, used 100680K [0x00000000a0000000, 0x00000000a8f00000, 0x00000000e0000000)
  object space 146432K, 68% used [0x00000000a0000000,0x00000000a6252358,0x00000000a8f00000)
 Metaspace       used 101737K, capacity 105624K, committed 105856K, reserved 1142784K
  class space    used 12719K, capacity 13430K, committed 13440K, reserved 1048576K
Event: 6668.261 GC heap after
Heap after GC invocations=28 (full 4):
 PSYoungGen      total 431104K, used 39917K [0x00000000e0000000, 0x0000000100000000, 0x0000000100000000)
  eden space 391168K, 0% used [0x00000000e0000000,0x00000000e0000000,0x00000000f7e00000)
  from space 39936K, 99% used [0x00000000fd900000,0x00000000ffffb480,0x0000000100000000)
  to   space 66560K, 0% used [0x00000000f7e00000,0x00000000f7e00000,0x00000000fbf00000)
 ParOldGen       total 155136K, used 154953K [0x00000000a0000000, 0x00000000a9780000, 0x00000000e0000000)
  object space 155136K, 99% used [0x00000000a0000000,0x00000000a9752788,0x00000000a9780000)
 Metaspace       used 101737K, capacity 105624K, committed 105856K, reserved 1142784K
  class space    used 12719K, capacity 13430K, committed 13440K, reserved 1048576K
}
Event: 6668.262 GC heap before
{Heap before GC invocations=29 (full 5):
 PSYoungGen      total 431104K, used 39917K [0x00000000e0000000, 0x0000000100000000, 0x0000000100000000)
  eden space 391168K, 0% used [0x00000000e0000000,0x00000000e0000000,0x00000000f7e00000)
  from space 39936K, 99% used [0x00000000fd900000,0x00000000ffffb480,0x0000000100000000)
  to   space 66560K, 0% used [0x00000000f7e00000,0x00000000f7e00000,0x00000000fbf00000)
 ParOldGen       total 155136K, used 154953K [0x00000000a0000000, 0x00000000a9780000, 0x00000000e0000000)
  object space 155136K, 99% used [0x00000000a0000000,0x00000000a9752788,0x00000000a9780000)
 Metaspace       used 101737K, capacity 105624K, committed 105856K, reserved 1142784K
  class space    used 12719K, capacity 13430K, committed 13440K, reserved 1048576K
Event: 6680.641 GC heap after
Heap after GC invocations=29 (full 5):
 PSYoungGen      total 431104K, used 0K [0x00000000e0000000, 0x0000000100000000, 0x0000000100000000)
  eden space 391168K, 0% used [0x00000000e0000000,0x00000000e0000000,0x00000000f7e00000)
  from space 39936K, 0% used [0x00000000fd900000,0x00000000fd900000,0x0000000100000000)
  to   space 66560K, 0% used [0x00000000f7e00000,0x00000000f7e00000,0x00000000fbf00000)
 ParOldGen       total 155136K, used 149397K [0x00000000a0000000, 0x00000000a9780000, 0x00000000e0000000)
  object space 155136K, 96% used [0x00000000a0000000,0x00000000a91e55e8,0x00000000a9780000)
 Metaspace       used 101619K, capacity 105326K, committed 105856K, reserved 1142784K
  class space    used 12679K, capacity 13361K, committed 13440K, reserved 1048576K
}
Event: 6939.546 GC heap before
{Heap before GC invocations=30 (full 6):
 PSYoungGen      total 431104K, used 391162K [0x00000000e0000000, 0x0000000100000000, 0x0000000100000000)
  eden space 391168K, 99% used [0x00000000e0000000,0x00000000f7dfebd0,0x00000000f7e00000)
  from space 39936K, 0% used [0x00000000fd900000,0x00000000fd900000,0x0000000100000000)
  to   space 66560K, 0% used [0x00000000f7e00000,0x00000000f7e00000,0x00000000fbf00000)
 ParOldGen       total 155136K, used 149397K [0x00000000a0000000, 0x00000000a9780000, 0x00000000e0000000)
  object space 155136K, 96% used [0x00000000a0000000,0x00000000a91e55e8,0x00000000a9780000)
 Metaspace       used 101854K, capacity 105658K, committed 105856K, reserved 1142784K
  class space    used 12696K, capacity 13393K, committed 13440K, reserved 1048576K
Event: 6941.823 GC heap after
Heap after GC invocations=30 (full 6):
 PSYoungGen      total 431104K, used 0K [0x00000000e0000000, 0x0000000100000000, 0x0000000100000000)
  eden space 391168K, 0% used [0x00000000e0000000,0x00000000e0000000,0x00000000f7e00000)
  from space 39936K, 0% used [0x00000000fd900000,0x00000000fd900000,0x0000000100000000)
  to   space 66560K, 0% used [0x00000000f7e00000,0x00000000f7e00000,0x00000000fbf00000)
 ParOldGen       total 155136K, used 59160K [0x00000000a0000000, 0x00000000a9780000, 0x00000000e0000000)
  object space 155136K, 38% used [0x00000000a0000000,0x00000000a39c61a0,0x00000000a9780000)
 Metaspace       used 101854K, capacity 105658K, committed 105856K, reserved 1142784K
  class space    used 12696K, capacity 13393K, committed 13440K, reserved 1048576K
}

